<?xml version="1.0" encoding="utf-8" standalone="no"?>
<test-results xmlns:xsi="http://www.w3.org/2001/XMLSchema-instance" xsi:noNamespaceSchemaLocation="nunit_schema_2.5.xsd" name="Pester" total="270" errors="0" failures="37" not-run="0" inconclusive="0" ignored="0" skipped="40" invalid="0" date="2026-08-20" time="15:24:30">
  <environment clr-version="4.0.30319.42000" user-domain="MISOULE02" cwd="C:\Packages\Plugins\Microsoft.CPlat.Core.RunCommandWindows\1.1.22\Downloads" platform="Microsoft Windows Server 2022 Datacenter|C:\Windows|\Device\Harddisk0\Partition2" machine-name="MiSouleRunW" nunit-version="2.5.8.0" os-version="10.0.20348" user="MiSouleRunW$" />
  <culture-info current-culture="en-US" current-uiculture="en-US" />
  <test-suite type="TestFixture" name="Pester" executed="True" result="Failure" success="False" time="74.8493" asserts="0" description="Pester">
    <results>
      <test-suite type="TestFixture" name="C:\Program Files\PowerShell\7\Modules\Maester\maester-tests\ad\computer\Test-MtAdComputerCreatorSidCount.Tests.ps1" executed="True" result="Success" success="True" time="8.4479" asserts="0" description="C:\Program Files\PowerShell\7\Modules\Maester\maester-tests\ad\computer\Test-MtAdComputerCreatorSidCount.Tests.ps1">
        <results>
          <test-suite type="TestFixture" name="Active Directory - Computer Objects" executed="True" result="Success" success="True" time="6.0874" asserts="0" description="Active Directory - Computer Objects">
            <results>
              <test-case description="AD-COMP-03: Computer CreatorSid count should be retrievable" name="Active Directory - Computer Objects.AD-COMP-03: Computer CreatorSid count should be retrievable" time="5.5182" asserts="0" success="True" result="Success" executed="True" />
            </results>
          </test-suite>
        </results>
      </test-suite>
      <test-suite type="TestFixture" name="C:\Program Files\PowerShell\7\Modules\Maester\maester-tests\ad\computer\Test-MtAdComputerDelegationCount.Tests.ps1" executed="True" result="Success" success="True" time="0.1491" asserts="0" description="C:\Program Files\PowerShell\7\Modules\Maester\maester-tests\ad\computer\Test-MtAdComputerDelegationCount.Tests.ps1">
        <results>
          <test-suite type="TestFixture" name="Active Directory - Computer Objects" executed="True" result="Success" success="True" time="0.0612" asserts="0" description="Active Directory - Computer Objects">
            <results>
              <test-case description="AD-COMP-09: Computer delegation count should be retrievable" name="Active Directory - Computer Objects.AD-COMP-09: Computer delegation count should be retrievable" time="0.0549" asserts="0" success="True" result="Success" executed="True" />
            </results>
          </test-suite>
        </results>
      </test-suite>
      <test-suite type="TestFixture" name="C:\Program Files\PowerShell\7\Modules\Maester\maester-tests\ad\computer\Test-MtAdComputerDelegationDetails.Tests.ps1" executed="True" result="Success" success="True" time="0.1386" asserts="0" description="C:\Program Files\PowerShell\7\Modules\Maester\maester-tests\ad\computer\Test-MtAdComputerDelegationDetails.Tests.ps1">
        <results>
          <test-suite type="TestFixture" name="Active Directory - Computer Objects" executed="True" result="Success" success="True" time="0.0554" asserts="0" description="Active Directory - Computer Objects">
            <results>
              <test-case description="AD-COMP-10: Computer delegation details should be retrievable" name="Active Directory - Computer Objects.AD-COMP-10: Computer delegation details should be retrievable" time="0.0504" asserts="0" success="True" result="Success" executed="True" />
            </results>
          </test-suite>
        </results>
      </test-suite>
      <test-suite type="TestFixture" name="C:\Program Files\PowerShell\7\Modules\Maester\maester-tests\ad\computer\Test-MtAdComputerDisabledCount.Tests.ps1" executed="True" result="Success" success="True" time="0.1495" asserts="0" description="C:\Program Files\PowerShell\7\Modules\Maester\maester-tests\ad\computer\Test-MtAdComputerDisabledCount.Tests.ps1">
        <results>
          <test-suite type="TestFixture" name="Active Directory - Computer Objects" executed="True" result="Success" success="True" time="0.0531" asserts="0" description="Active Directory - Computer Objects">
            <results>
              <test-case description="AD-COMP-01: Computer disabled count should be retrievable" name="Active Directory - Computer Objects.AD-COMP-01: Computer disabled count should be retrievable" time="0.046" asserts="0" success="True" result="Success" executed="True" />
            </results>
          </test-suite>
        </results>
      </test-suite>
      <test-suite type="TestFixture" name="C:\Program Files\PowerShell\7\Modules\Maester\maester-tests\ad\computer\Test-MtAdComputerDormantCount.Tests.ps1" executed="True" result="Success" success="True" time="0.2247" asserts="0" description="C:\Program Files\PowerShell\7\Modules\Maester\maester-tests\ad\computer\Test-MtAdComputerDormantCount.Tests.ps1">
        <results>
          <test-suite type="TestFixture" name="Active Directory - Computer Objects" executed="True" result="Success" success="True" time="0.09" asserts="0" description="Active Directory - Computer Objects">
            <results>
              <test-case description="AD-COMP-02: Computer dormant count should be retrievable" name="Active Directory - Computer Objects.AD-COMP-02: Computer dormant count should be retrievable" time="0.082" asserts="0" success="True" result="Success" executed="True" />
            </results>
          </test-suite>
        </results>
      </test-suite>
      <test-suite type="TestFixture" name="C:\Program Files\PowerShell\7\Modules\Maester\maester-tests\ad\computer\Test-MtAdComputerInDefaultContainer.Tests.ps1" executed="True" result="Success" success="True" time="0.1329" asserts="0" description="C:\Program Files\PowerShell\7\Modules\Maester\maester-tests\ad\computer\Test-MtAdComputerInDefaultContainer.Tests.ps1">
        <results>
          <test-suite type="TestFixture" name="Active Directory - Computer Objects" executed="True" result="Success" success="True" time="0.0448" asserts="0" description="Active Directory - Computer Objects">
            <results>
              <test-case description="AD-COMP-06: Computer default container count should be retrievable" name="Active Directory - Computer Objects.AD-COMP-06: Computer default container count should be retrievable" time="0.0397" asserts="0" success="True" result="Success" executed="True" />
            </results>
          </test-suite>
        </results>
      </test-suite>
      <test-suite type="TestFixture" name="C:\Program Files\PowerShell\7\Modules\Maester\maester-tests\ad\computer\Test-MtAdComputerNonStandardGroup.Tests.ps1" executed="True" result="Success" success="True" time="0.1863" asserts="0" description="C:\Program Files\PowerShell\7\Modules\Maester\maester-tests\ad\computer\Test-MtAdComputerNonStandardGroup.Tests.ps1">
        <results>
          <test-suite type="TestFixture" name="Active Directory - Computer Objects" executed="True" result="Success" success="True" time="0.0426" asserts="0" description="Active Directory - Computer Objects">
            <results>
              <test-case description="AD-COMP-04: Computer non-standard primary group count should be retrievable" name="Active Directory - Computer Objects.AD-COMP-04: Computer non-standard primary group count should be retrievable" time="0.0382" asserts="0" success="True" result="Success" executed="True" />
            </results>
          </test-suite>
        </results>
      </test-suite>
      <test-suite type="TestFixture" name="C:\Program Files\PowerShell\7\Modules\Maester\maester-tests\ad\computer\Test-MtAdComputerOUCount.Tests.ps1" executed="True" result="Success" success="True" time="0.1562" asserts="0" description="C:\Program Files\PowerShell\7\Modules\Maester\maester-tests\ad\computer\Test-MtAdComputerOUCount.Tests.ps1">
        <results>
          <test-suite type="TestFixture" name="Active Directory - Computer Objects" executed="True" result="Success" success="True" time="0.0533" asserts="0" description="Active Directory - Computer Objects">
            <results>
              <test-case description="AD-COMP-07: Computer OU count should be retrievable" name="Active Directory - Computer Objects.AD-COMP-07: Computer OU count should be retrievable" time="0.0489" asserts="0" success="True" result="Success" executed="True" />
            </results>
          </test-suite>
        </results>
      </test-suite>
      <test-suite type="TestFixture" name="C:\Program Files\PowerShell\7\Modules\Maester\maester-tests\ad\computer\Test-MtAdComputerPerOUAverage.Tests.ps1" executed="True" result="Success" success="True" time="0.3068" asserts="0" description="C:\Program Files\PowerShell\7\Modules\Maester\maester-tests\ad\computer\Test-MtAdComputerPerOUAverage.Tests.ps1">
        <results>
          <test-suite type="TestFixture" name="Active Directory - Computer Objects" executed="True" result="Success" success="True" time="0.0517" asserts="0" description="Active Directory - Computer Objects">
            <results>
              <test-case description="AD-COMP-08: Computer per OU average should be retrievable" name="Active Directory - Computer Objects.AD-COMP-08: Computer per OU average should be retrievable" time="0.0458" asserts="0" success="True" result="Success" executed="True" />
            </results>
          </test-suite>
        </results>
      </test-suite>
      <test-suite type="TestFixture" name="C:\Program Files\PowerShell\7\Modules\Maester\maester-tests\ad\computer\Test-MtAdComputerSidHistoryCount.Tests.ps1" executed="True" result="Success" success="True" time="0.1333" asserts="0" description="C:\Program Files\PowerShell\7\Modules\Maester\maester-tests\ad\computer\Test-MtAdComputerSidHistoryCount.Tests.ps1">
        <results>
          <test-suite type="TestFixture" name="Active Directory - Computer Objects" executed="True" result="Success" success="True" time="0.0443" asserts="0" description="Active Directory - Computer Objects">
            <results>
              <test-case description="AD-COMP-05: Computer SID History count should be retrievable" name="Active Directory - Computer Objects.AD-COMP-05: Computer SID History count should be retrievable" time="0.0396" asserts="0" success="True" result="Success" executed="True" />
            </results>
          </test-suite>
        </results>
      </test-suite>
      <test-suite type="TestFixture" name="C:\Program Files\PowerShell\7\Modules\Maester\maester-tests\ad\config\Test-MtAdAdActivationObjectsCount.Tests.ps1" executed="True" result="Success" success="True" time="0.1487" asserts="0" description="C:\Program Files\PowerShell\7\Modules\Maester\maester-tests\ad\config\Test-MtAdAdActivationObjectsCount.Tests.ps1">
        <results>
          <test-suite type="TestFixture" name="Active Directory - Configuration" executed="True" result="Success" success="True" time="0.0564" asserts="0" description="Active Directory - Configuration">
            <results>
              <test-case description="AD-CFG-09: AD activation objects count should be retrievable" name="Active Directory - Configuration.AD-CFG-09: AD activation objects count should be retrievable" time="0.0337" asserts="0" success="True" result="Success" executed="True" />
            </results>
          </test-suite>
        </results>
      </test-suite>
      <test-suite type="TestFixture" name="C:\Program Files\PowerShell\7\Modules\Maester\maester-tests\ad\config\Test-MtAdAuthNPolicyConfigCount.Tests.ps1" executed="True" result="Success" success="True" time="0.1233" asserts="0" description="C:\Program Files\PowerShell\7\Modules\Maester\maester-tests\ad\config\Test-MtAdAuthNPolicyConfigCount.Tests.ps1">
        <results>
          <test-suite type="TestFixture" name="Active Directory - Configuration" executed="True" result="Success" success="True" time="0.0344" asserts="0" description="Active Directory - Configuration">
            <results>
              <test-case description="AD-CFG-08: AuthN policy container count should be retrievable" name="Active Directory - Configuration.AD-CFG-08: AuthN policy container count should be retrievable" time="0.0283" asserts="0" success="True" result="Success" executed="True" />
            </results>
          </test-suite>
        </results>
      </test-suite>
      <test-suite type="TestFixture" name="C:\Program Files\PowerShell\7\Modules\Maester\maester-tests\ad\config\Test-MtAdCertificateTemplatesCount.Tests.ps1" executed="True" result="Failure" success="False" time="0.554" asserts="0" description="C:\Program Files\PowerShell\7\Modules\Maester\maester-tests\ad\config\Test-MtAdCertificateTemplatesCount.Tests.ps1">
        <results>
          <test-suite type="TestFixture" name="Active Directory - Configuration" executed="True" result="Failure" success="False" time="0.468" asserts="0" description="Active Directory - Configuration">
            <results>
              <test-case description="AD-CFG-13: Certificate templates count should be retrievable" name="Active Directory - Configuration.AD-CFG-13: Certificate templates count should be retrievable" time="0.463" asserts="0" success="False" result="Failure" executed="True">
                <failure>
                  <message>Expected $true, because certificate template data should be accessible, but got $false.</message>
                  <stack-trace>at $result | Should -Be $true -Because "certificate template data should be accessible", C:\Program Files\PowerShell\7\Modules\Maester\maester-tests\ad\config\Test-MtAdCertificateTemplatesCount.Tests.ps1:5
at &lt;ScriptBlock&gt;, C:\Program Files\PowerShell\7\Modules\Maester\maester-tests\ad\config\Test-MtAdCertificateTemplatesCount.Tests.ps1:5</stack-trace>
                </failure>
              </test-case>
            </results>
          </test-suite>
        </results>
      </test-suite>
      <test-suite type="TestFixture" name="C:\Program Files\PowerShell\7\Modules\Maester\maester-tests\ad\config\Test-MtAdCrlDistributionPointsCount.Tests.ps1" executed="True" result="Failure" success="False" time="0.1262" asserts="0" description="C:\Program Files\PowerShell\7\Modules\Maester\maester-tests\ad\config\Test-MtAdCrlDistributionPointsCount.Tests.ps1">
        <results>
          <test-suite type="TestFixture" name="Active Directory - Configuration" executed="True" result="Failure" success="False" time="0.0378" asserts="0" description="Active Directory - Configuration">
            <results>
              <test-case description="AD-CFG-20: CRL distribution points count should be retrievable" name="Active Directory - Configuration.AD-CFG-20: CRL distribution points count should be retrievable" time="0.0321" asserts="0" success="False" result="Failure" executed="True">
                <failure>
                  <message>Expected $true, because CRL distribution point data should be accessible, but got $false.</message>
                  <stack-trace>at $result | Should -Be $true -Because "CRL distribution point data should be accessible", C:\Program Files\PowerShell\7\Modules\Maester\maester-tests\ad\config\Test-MtAdCrlDistributionPointsCount.Tests.ps1:5
at &lt;ScriptBlock&gt;, C:\Program Files\PowerShell\7\Modules\Maester\maester-tests\ad\config\Test-MtAdCrlDistributionPointsCount.Tests.ps1:5</stack-trace>
                </failure>
              </test-case>
            </results>
          </test-suite>
        </results>
      </test-suite>
      <test-suite type="TestFixture" name="C:\Program Files\PowerShell\7\Modules\Maester\maester-tests\ad\config\Test-MtAdDefaultQueryPolicy.Tests.ps1" executed="True" result="Failure" success="False" time="0.127" asserts="0" description="C:\Program Files\PowerShell\7\Modules\Maester\maester-tests\ad\config\Test-MtAdDefaultQueryPolicy.Tests.ps1">
        <results>
          <test-suite type="TestFixture" name="Active Directory - Configuration" executed="True" result="Failure" success="False" time="0.0391" asserts="0" description="Active Directory - Configuration">
            <results>
              <test-case description="AD-CFG-07: Default query policy should be retrievable" name="Active Directory - Configuration.AD-CFG-07: Default query policy should be retrievable" time="0.0332" asserts="0" success="False" result="Failure" executed="True">
                <failure>
                  <message>Expected $true, because default query policy data should be accessible, but got $false.</message>
                  <stack-trace>at $result | Should -Be $true -Because "default query policy data should be accessible", C:\Program Files\PowerShell\7\Modules\Maester\maester-tests\ad\config\Test-MtAdDefaultQueryPolicy.Tests.ps1:5
at &lt;ScriptBlock&gt;, C:\Program Files\PowerShell\7\Modules\Maester\maester-tests\ad\config\Test-MtAdDefaultQueryPolicy.Tests.ps1:5</stack-trace>
                </failure>
              </test-case>
            </results>
          </test-suite>
        </results>
      </test-suite>
      <test-suite type="TestFixture" name="C:\Program Files\PowerShell\7\Modules\Maester\maester-tests\ad\config\Test-MtAdDsHeuristicsCount.Tests.ps1" executed="True" result="Success" success="True" time="0.1324" asserts="0" description="C:\Program Files\PowerShell\7\Modules\Maester\maester-tests\ad\config\Test-MtAdDsHeuristicsCount.Tests.ps1">
        <results>
          <test-suite type="TestFixture" name="Active Directory - Configuration" executed="True" result="Success" success="True" time="0.0329" asserts="0" description="Active Directory - Configuration">
            <results>
              <test-case description="AD-CFG-02: dSHeuristics count should be retrievable" name="Active Directory - Configuration.AD-CFG-02: dSHeuristics count should be retrievable" time="0.026" asserts="0" success="True" result="Success" executed="True" />
            </results>
          </test-suite>
        </results>
      </test-suite>
      <test-suite type="TestFixture" name="C:\Program Files\PowerShell\7\Modules\Maester\maester-tests\ad\config\Test-MtAdEnrollmentCaCertificateDetails.Tests.ps1" executed="True" result="Failure" success="False" time="0.3495" asserts="0" description="C:\Program Files\PowerShell\7\Modules\Maester\maester-tests\ad\config\Test-MtAdEnrollmentCaCertificateDetails.Tests.ps1">
        <results>
          <test-suite type="TestFixture" name="Active Directory - Configuration" executed="True" result="Failure" success="False" time="0.1254" asserts="0" description="Active Directory - Configuration">
            <results>
              <test-case description="AD-CFG-15: Enrollment CA certificate details should be retrievable" name="Active Directory - Configuration.AD-CFG-15: Enrollment CA certificate details should be retrievable" time="0.1167" asserts="0" success="False" result="Failure" executed="True">
                <failure>
                  <message>Expected $true, because enrollment CA certificate data should be accessible, but got $false.</message>
                  <stack-trace>at $result | Should -Be $true -Because "enrollment CA certificate data should be accessible", C:\Program Files\PowerShell\7\Modules\Maester\maester-tests\ad\config\Test-MtAdEnrollmentCaCertificateDetails.Tests.ps1:5
at &lt;ScriptBlock&gt;, C:\Program Files\PowerShell\7\Modules\Maester\maester-tests\ad\config\Test-MtAdEnrollmentCaCertificateDetails.Tests.ps1:5</stack-trace>
                </failure>
              </test-case>
            </results>
          </test-suite>
        </results>
      </test-suite>
      <test-suite type="TestFixture" name="C:\Program Files\PowerShell\7\Modules\Maester\maester-tests\ad\config\Test-MtAdEnrollmentTemplatesCount.Tests.ps1" executed="True" result="Failure" success="False" time="0.1625" asserts="0" description="C:\Program Files\PowerShell\7\Modules\Maester\maester-tests\ad\config\Test-MtAdEnrollmentTemplatesCount.Tests.ps1">
        <results>
          <test-suite type="TestFixture" name="Active Directory - Configuration" executed="True" result="Failure" success="False" time="0.047" asserts="0" description="Active Directory - Configuration">
            <results>
              <test-case description="AD-CFG-14: Enrollment templates count should be retrievable" name="Active Directory - Configuration.AD-CFG-14: Enrollment templates count should be retrievable" time="0.0402" asserts="0" success="False" result="Failure" executed="True">
                <failure>
                  <message>Expected $true, because enrollment template data should be accessible, but got $false.</message>
                  <stack-trace>at $result | Should -Be $true -Because "enrollment template data should be accessible", C:\Program Files\PowerShell\7\Modules\Maester\maester-tests\ad\config\Test-MtAdEnrollmentTemplatesCount.Tests.ps1:5
at &lt;ScriptBlock&gt;, C:\Program Files\PowerShell\7\Modules\Maester\maester-tests\ad\config\Test-MtAdEnrollmentTemplatesCount.Tests.ps1:5</stack-trace>
                </failure>
              </test-case>
            </results>
          </test-suite>
        </results>
      </test-suite>
      <test-suite type="TestFixture" name="C:\Program Files\PowerShell\7\Modules\Maester\maester-tests\ad\config\Test-MtAdEnterpriseCaCount.Tests.ps1" executed="True" result="Failure" success="False" time="0.1457" asserts="0" description="C:\Program Files\PowerShell\7\Modules\Maester\maester-tests\ad\config\Test-MtAdEnterpriseCaCount.Tests.ps1">
        <results>
          <test-suite type="TestFixture" name="Active Directory - Configuration" executed="True" result="Failure" success="False" time="0.0494" asserts="0" description="Active Directory - Configuration">
            <results>
              <test-case description="AD-CFG-12: Enterprise CA count should be retrievable" name="Active Directory - Configuration.AD-CFG-12: Enterprise CA count should be retrievable" time="0.0426" asserts="0" success="False" result="Failure" executed="True">
                <failure>
                  <message>Expected $true, because enterprise CA data should be accessible, but got $false.</message>
                  <stack-trace>at $result | Should -Be $true -Because "enterprise CA data should be accessible", C:\Program Files\PowerShell\7\Modules\Maester\maester-tests\ad\config\Test-MtAdEnterpriseCaCount.Tests.ps1:5
at &lt;ScriptBlock&gt;, C:\Program Files\PowerShell\7\Modules\Maester\maester-tests\ad\config\Test-MtAdEnterpriseCaCount.Tests.ps1:5</stack-trace>
                </failure>
              </test-case>
            </results>
          </test-suite>
        </results>
      </test-suite>
      <test-suite type="TestFixture" name="C:\Program Files\PowerShell\7\Modules\Maester\maester-tests\ad\config\Test-MtAdIntermediateCaCount.Tests.ps1" executed="True" result="Failure" success="False" time="0.1357" asserts="0" description="C:\Program Files\PowerShell\7\Modules\Maester\maester-tests\ad\config\Test-MtAdIntermediateCaCount.Tests.ps1">
        <results>
          <test-suite type="TestFixture" name="Active Directory - Configuration" executed="True" result="Failure" success="False" time="0.0455" asserts="0" description="Active Directory - Configuration">
            <results>
              <test-case description="AD-CFG-18: Intermediate CA count should be retrievable" name="Active Directory - Configuration.AD-CFG-18: Intermediate CA count should be retrievable" time="0.0389" asserts="0" success="False" result="Failure" executed="True">
                <failure>
                  <message>Expected $true, because intermediate CA data should be accessible, but got $false.</message>
                  <stack-trace>at $result | Should -Be $true -Because "intermediate CA data should be accessible", C:\Program Files\PowerShell\7\Modules\Maester\maester-tests\ad\config\Test-MtAdIntermediateCaCount.Tests.ps1:5
at &lt;ScriptBlock&gt;, C:\Program Files\PowerShell\7\Modules\Maester\maester-tests\ad\config\Test-MtAdIntermediateCaCount.Tests.ps1:5</stack-trace>
                </failure>
              </test-case>
            </results>
          </test-suite>
        </results>
      </test-suite>
      <test-suite type="TestFixture" name="C:\Program Files\PowerShell\7\Modules\Maester\maester-tests\ad\config\Test-MtAdIntermediateCaDetails.Tests.ps1" executed="True" result="Failure" success="False" time="0.1407" asserts="0" description="C:\Program Files\PowerShell\7\Modules\Maester\maester-tests\ad\config\Test-MtAdIntermediateCaDetails.Tests.ps1">
        <results>
          <test-suite type="TestFixture" name="Active Directory - Configuration" executed="True" result="Failure" success="False" time="0.0461" asserts="0" description="Active Directory - Configuration">
            <results>
              <test-case description="AD-CFG-19: Intermediate CA details should be retrievable" name="Active Directory - Configuration.AD-CFG-19: Intermediate CA details should be retrievable" time="0.0395" asserts="0" success="False" result="Failure" executed="True">
                <failure>
                  <message>Expected $true, because intermediate CA details should be accessible, but got $false.</message>
                  <stack-trace>at $result | Should -Be $true -Because "intermediate CA details should be accessible", C:\Program Files\PowerShell\7\Modules\Maester\maester-tests\ad\config\Test-MtAdIntermediateCaDetails.Tests.ps1:5
at &lt;ScriptBlock&gt;, C:\Program Files\PowerShell\7\Modules\Maester\maester-tests\ad\config\Test-MtAdIntermediateCaDetails.Tests.ps1:5</stack-trace>
                </failure>
              </test-case>
            </results>
          </test-suite>
        </results>
      </test-suite>
      <test-suite type="TestFixture" name="C:\Program Files\PowerShell\7\Modules\Maester\maester-tests\ad\config\Test-MtAdIpSiteLinksCount.Tests.ps1" executed="True" result="Success" success="True" time="0.1549" asserts="0" description="C:\Program Files\PowerShell\7\Modules\Maester\maester-tests\ad\config\Test-MtAdIpSiteLinksCount.Tests.ps1">
        <results>
          <test-suite type="TestFixture" name="Active Directory - Configuration" executed="True" result="Success" success="True" time="0.0578" asserts="0" description="Active Directory - Configuration">
            <results>
              <test-case description="AD-CFG-24: IP site links count should be retrievable" name="Active Directory - Configuration.AD-CFG-24: IP site links count should be retrievable" time="0.0467" asserts="0" success="True" result="Success" executed="True" />
            </results>
          </test-suite>
        </results>
      </test-suite>
      <test-suite type="TestFixture" name="C:\Program Files\PowerShell\7\Modules\Maester\maester-tests\ad\config\Test-MtAdKdsRootKeysCount.Tests.ps1" executed="True" result="Failure" success="False" time="0.1414" asserts="0" description="C:\Program Files\PowerShell\7\Modules\Maester\maester-tests\ad\config\Test-MtAdKdsRootKeysCount.Tests.ps1">
        <results>
          <test-suite type="TestFixture" name="Active Directory - Configuration" executed="True" result="Failure" success="False" time="0.0505" asserts="0" description="Active Directory - Configuration">
            <results>
              <test-case description="AD-CFG-22: KDS root keys count should be retrievable" name="Active Directory - Configuration.AD-CFG-22: KDS root keys count should be retrievable" time="0.0439" asserts="0" success="False" result="Failure" executed="True">
                <failure>
                  <message>Expected $true, because KDS root key data should be accessible, but got $false.</message>
                  <stack-trace>at $result | Should -Be $true -Because "KDS root key data should be accessible", C:\Program Files\PowerShell\7\Modules\Maester\maester-tests\ad\config\Test-MtAdKdsRootKeysCount.Tests.ps1:5
at &lt;ScriptBlock&gt;, C:\Program Files\PowerShell\7\Modules\Maester\maester-tests\ad\config\Test-MtAdKdsRootKeysCount.Tests.ps1:5</stack-trace>
                </failure>
              </test-case>
            </results>
          </test-suite>
        </results>
      </test-suite>
      <test-suite type="TestFixture" name="C:\Program Files\PowerShell\7\Modules\Maester\maester-tests\ad\config\Test-MtAdLdapQueryPolicyCount.Tests.ps1" executed="True" result="Success" success="True" time="0.1186" asserts="0" description="C:\Program Files\PowerShell\7\Modules\Maester\maester-tests\ad\config\Test-MtAdLdapQueryPolicyCount.Tests.ps1">
        <results>
          <test-suite type="TestFixture" name="Active Directory - Configuration" executed="True" result="Success" success="True" time="0.0334" asserts="0" description="Active Directory - Configuration">
            <results>
              <test-case description="AD-CFG-06: LDAP query policy count should be retrievable" name="Active Directory - Configuration.AD-CFG-06: LDAP query policy count should be retrievable" time="0.0281" asserts="0" success="True" result="Success" executed="True" />
            </results>
          </test-suite>
        </results>
      </test-suite>
      <test-suite type="TestFixture" name="C:\Program Files\PowerShell\7\Modules\Maester\maester-tests\ad\config\Test-MtAdNtAuthCertificatesCount.Tests.ps1" executed="True" result="Failure" success="False" time="0.1184" asserts="0" description="C:\Program Files\PowerShell\7\Modules\Maester\maester-tests\ad\config\Test-MtAdNtAuthCertificatesCount.Tests.ps1">
        <results>
          <test-suite type="TestFixture" name="Active Directory - Configuration" executed="True" result="Failure" success="False" time="0.0351" asserts="0" description="Active Directory - Configuration">
            <results>
              <test-case description="AD-CFG-21: NTAuth certificates count should be retrievable" name="Active Directory - Configuration.AD-CFG-21: NTAuth certificates count should be retrievable" time="0.0299" asserts="0" success="False" result="Failure" executed="True">
                <failure>
                  <message>Expected $true, because NTAuth certificate data should be accessible, but got $false.</message>
                  <stack-trace>at $result | Should -Be $true -Because "NTAuth certificate data should be accessible", C:\Program Files\PowerShell\7\Modules\Maester\maester-tests\ad\config\Test-MtAdNtAuthCertificatesCount.Tests.ps1:5
at &lt;ScriptBlock&gt;, C:\Program Files\PowerShell\7\Modules\Maester\maester-tests\ad\config\Test-MtAdNtAuthCertificatesCount.Tests.ps1:5</stack-trace>
                </failure>
              </test-case>
            </results>
          </test-suite>
        </results>
      </test-suite>
      <test-suite type="TestFixture" name="C:\Program Files\PowerShell\7\Modules\Maester\maester-tests\ad\config\Test-MtAdOptionalFeaturesCount.Tests.ps1" executed="True" result="Success" success="True" time="0.1134" asserts="0" description="C:\Program Files\PowerShell\7\Modules\Maester\maester-tests\ad\config\Test-MtAdOptionalFeaturesCount.Tests.ps1">
        <results>
          <test-suite type="TestFixture" name="Active Directory - Configuration" executed="True" result="Success" success="True" time="0.0315" asserts="0" description="Active Directory - Configuration">
            <results>
              <test-case description="AD-CFG-04: Optional features count should be retrievable" name="Active Directory - Configuration.AD-CFG-04: Optional features count should be retrievable" time="0.0273" asserts="0" success="True" result="Success" executed="True" />
            </results>
          </test-suite>
        </results>
      </test-suite>
      <test-suite type="TestFixture" name="C:\Program Files\PowerShell\7\Modules\Maester\maester-tests\ad\config\Test-MtAdRecycleBinEnabledPaths.Tests.ps1" executed="True" result="Success" success="True" time="0.1188" asserts="0" description="C:\Program Files\PowerShell\7\Modules\Maester\maester-tests\ad\config\Test-MtAdRecycleBinEnabledPaths.Tests.ps1">
        <results>
          <test-suite type="TestFixture" name="Active Directory - Configuration" executed="True" result="Success" success="True" time="0.0411" asserts="0" description="Active Directory - Configuration">
            <results>
              <test-case description="AD-CFG-05: Recycle bin enabled paths should be retrievable" name="Active Directory - Configuration.AD-CFG-05: Recycle bin enabled paths should be retrievable" time="0.0364" asserts="0" success="True" result="Success" executed="True" />
            </results>
          </test-suite>
        </results>
      </test-suite>
      <test-suite type="TestFixture" name="C:\Program Files\PowerShell\7\Modules\Maester\maester-tests\ad\config\Test-MtAdRegisteredDhcpServersCount.Tests.ps1" executed="True" result="Failure" success="False" time="0.1209" asserts="0" description="C:\Program Files\PowerShell\7\Modules\Maester\maester-tests\ad\config\Test-MtAdRegisteredDhcpServersCount.Tests.ps1">
        <results>
          <test-suite type="TestFixture" name="Active Directory - Configuration" executed="True" result="Failure" success="False" time="0.0457" asserts="0" description="Active Directory - Configuration">
            <results>
              <test-case description="AD-CFG-11: Registered DHCP servers count should be retrievable" name="Active Directory - Configuration.AD-CFG-11: Registered DHCP servers count should be retrievable" time="0.041" asserts="0" success="False" result="Failure" executed="True">
                <failure>
                  <message>Expected $true, because registered DHCP server data should be accessible, but got $false.</message>
                  <stack-trace>at $result | Should -Be $true -Because "registered DHCP server data should be accessible", C:\Program Files\PowerShell\7\Modules\Maester\maester-tests\ad\config\Test-MtAdRegisteredDhcpServersCount.Tests.ps1:5
at &lt;ScriptBlock&gt;, C:\Program Files\PowerShell\7\Modules\Maester\maester-tests\ad\config\Test-MtAdRegisteredDhcpServersCount.Tests.ps1:5</stack-trace>
                </failure>
              </test-case>
            </results>
          </test-suite>
        </results>
      </test-suite>
      <test-suite type="TestFixture" name="C:\Program Files\PowerShell\7\Modules\Maester\maester-tests\ad\config\Test-MtAdSmtpSiteLinksCount.Tests.ps1" executed="True" result="Success" success="True" time="0.1179" asserts="0" description="C:\Program Files\PowerShell\7\Modules\Maester\maester-tests\ad\config\Test-MtAdSmtpSiteLinksCount.Tests.ps1">
        <results>
          <test-suite type="TestFixture" name="Active Directory - Configuration" executed="True" result="Success" success="True" time="0.0347" asserts="0" description="Active Directory - Configuration">
            <results>
              <test-case description="AD-CFG-23: SMTP site links count should be retrievable" name="Active Directory - Configuration.AD-CFG-23: SMTP site links count should be retrievable" time="0.0306" asserts="0" success="True" result="Success" executed="True" />
            </results>
          </test-suite>
        </results>
      </test-suite>
      <test-suite type="TestFixture" name="C:\Program Files\PowerShell\7\Modules\Maester\maester-tests\ad\config\Test-MtAdSpnMappings.Tests.ps1" executed="True" result="Success" success="True" time="0.1144" asserts="0" description="C:\Program Files\PowerShell\7\Modules\Maester\maester-tests\ad\config\Test-MtAdSpnMappings.Tests.ps1">
        <results>
          <test-suite type="TestFixture" name="Active Directory - Configuration" executed="True" result="Success" success="True" time="0.0372" asserts="0" description="Active Directory - Configuration">
            <results>
              <test-case description="AD-CFG-03: SPN mappings should be retrievable" name="Active Directory - Configuration.AD-CFG-03: SPN mappings should be retrievable" time="0.0324" asserts="0" success="True" result="Success" executed="True" />
            </results>
          </test-suite>
        </results>
      </test-suite>
      <test-suite type="TestFixture" name="C:\Program Files\PowerShell\7\Modules\Maester\maester-tests\ad\config\Test-MtAdTombstoneLifetimeConfig.Tests.ps1" executed="True" result="Success" success="True" time="0.1065" asserts="0" description="C:\Program Files\PowerShell\7\Modules\Maester\maester-tests\ad\config\Test-MtAdTombstoneLifetimeConfig.Tests.ps1">
        <results>
          <test-suite type="TestFixture" name="Active Directory - Configuration" executed="True" result="Success" success="True" time="0.0278" asserts="0" description="Active Directory - Configuration">
            <results>
              <test-case description="AD-CFG-01: Tombstone lifetime configuration should be retrievable" name="Active Directory - Configuration.AD-CFG-01: Tombstone lifetime configuration should be retrievable" time="0.0236" asserts="0" success="True" result="Success" executed="True" />
            </results>
          </test-suite>
        </results>
      </test-suite>
      <test-suite type="TestFixture" name="C:\Program Files\PowerShell\7\Modules\Maester\maester-tests\ad\config\Test-MtAdTrustedRootCaCount.Tests.ps1" executed="True" result="Failure" success="False" time="0.131" asserts="0" description="C:\Program Files\PowerShell\7\Modules\Maester\maester-tests\ad\config\Test-MtAdTrustedRootCaCount.Tests.ps1">
        <results>
          <test-suite type="TestFixture" name="Active Directory - Configuration" executed="True" result="Failure" success="False" time="0.0477" asserts="0" description="Active Directory - Configuration">
            <results>
              <test-case description="AD-CFG-16: Trusted root CA count should be retrievable" name="Active Directory - Configuration.AD-CFG-16: Trusted root CA count should be retrievable" time="0.0416" asserts="0" success="False" result="Failure" executed="True">
                <failure>
                  <message>Expected $true, because trusted root CA data should be accessible, but got $false.</message>
                  <stack-trace>at $result | Should -Be $true -Because "trusted root CA data should be accessible", C:\Program Files\PowerShell\7\Modules\Maester\maester-tests\ad\config\Test-MtAdTrustedRootCaCount.Tests.ps1:5
at &lt;ScriptBlock&gt;, C:\Program Files\PowerShell\7\Modules\Maester\maester-tests\ad\config\Test-MtAdTrustedRootCaCount.Tests.ps1:5</stack-trace>
                </failure>
              </test-case>
            </results>
          </test-suite>
        </results>
      </test-suite>
      <test-suite type="TestFixture" name="C:\Program Files\PowerShell\7\Modules\Maester\maester-tests\ad\config\Test-MtAdTrustedRootCaDetails.Tests.ps1" executed="True" result="Failure" success="False" time="0.8581" asserts="0" description="C:\Program Files\PowerShell\7\Modules\Maester\maester-tests\ad\config\Test-MtAdTrustedRootCaDetails.Tests.ps1">
        <results>
          <test-suite type="TestFixture" name="Active Directory - Configuration" executed="True" result="Failure" success="False" time="0.6786" asserts="0" description="Active Directory - Configuration">
            <results>
              <test-case description="AD-CFG-17: Trusted root CA details should be retrievable" name="Active Directory - Configuration.AD-CFG-17: Trusted root CA details should be retrievable" time="0.6716" asserts="0" success="False" result="Failure" executed="True">
                <failure>
                  <message>Expected $true, because trusted root CA details should be accessible, but got $false.</message>
                  <stack-trace>at $result | Should -Be $true -Because "trusted root CA details should be accessible", C:\Program Files\PowerShell\7\Modules\Maester\maester-tests\ad\config\Test-MtAdTrustedRootCaDetails.Tests.ps1:5
at &lt;ScriptBlock&gt;, C:\Program Files\PowerShell\7\Modules\Maester\maester-tests\ad\config\Test-MtAdTrustedRootCaDetails.Tests.ps1:5</stack-trace>
                </failure>
              </test-case>
            </results>
          </test-suite>
        </results>
      </test-suite>
      <test-suite type="TestFixture" name="C:\Program Files\PowerShell\7\Modules\Maester\maester-tests\ad\config\Test-MtAdWellKnownSecurityPrincipalsCount.Tests.ps1" executed="True" result="Success" success="True" time="0.2167" asserts="0" description="C:\Program Files\PowerShell\7\Modules\Maester\maester-tests\ad\config\Test-MtAdWellKnownSecurityPrincipalsCount.Tests.ps1">
        <results>
          <test-suite type="TestFixture" name="Active Directory - Configuration" executed="True" result="Success" success="True" time="0.0459" asserts="0" description="Active Directory - Configuration">
            <results>
              <test-case description="AD-CFG-10: Well-known security principals count should be retrievable" name="Active Directory - Configuration.AD-CFG-10: Well-known security principals count should be retrievable" time="0.0387" asserts="0" success="True" result="Success" executed="True" />
            </results>
          </test-suite>
        </results>
      </test-suite>
      <test-suite type="TestFixture" name="C:\Program Files\PowerShell\7\Modules\Maester\maester-tests\ad\dacl\Test-MtAdDaclConflictObjectCount.Tests.ps1" executed="True" result="Success" success="True" time="0.4192" asserts="0" description="C:\Program Files\PowerShell\7\Modules\Maester\maester-tests\ad\dacl\Test-MtAdDaclConflictObjectCount.Tests.ps1">
        <results>
          <test-suite type="TestFixture" name="Active Directory - DACL" executed="True" result="Success" success="True" time="0.3241" asserts="0" description="Active Directory - DACL">
            <results>
              <test-case description="AD-DACL-03: Conflict object count should be retrievable" name="Active Directory - DACL.AD-DACL-03: Conflict object count should be retrievable" time="0.3185" asserts="0" success="True" result="Success" executed="True" />
            </results>
          </test-suite>
        </results>
      </test-suite>
      <test-suite type="TestFixture" name="C:\Program Files\PowerShell\7\Modules\Maester\maester-tests\ad\dacl\Test-MtAdDaclConflictObjectDetails.Tests.ps1" executed="True" result="Success" success="True" time="0.3639" asserts="0" description="C:\Program Files\PowerShell\7\Modules\Maester\maester-tests\ad\dacl\Test-MtAdDaclConflictObjectDetails.Tests.ps1">
        <results>
          <test-suite type="TestFixture" name="Active Directory - DACL" executed="True" result="Success" success="True" time="0.2807" asserts="0" description="Active Directory - DACL">
            <results>
              <test-case description="AD-DACL-04: Conflict object details should be retrievable" name="Active Directory - DACL.AD-DACL-04: Conflict object details should be retrievable" time="0.2754" asserts="0" success="True" result="Success" executed="True" />
            </results>
          </test-suite>
        </results>
      </test-suite>
      <test-suite type="TestFixture" name="C:\Program Files\PowerShell\7\Modules\Maester\maester-tests\ad\dacl\Test-MtAdDaclDenyAceCount.Tests.ps1" executed="True" result="Success" success="True" time="0.3279" asserts="0" description="C:\Program Files\PowerShell\7\Modules\Maester\maester-tests\ad\dacl\Test-MtAdDaclDenyAceCount.Tests.ps1">
        <results>
          <test-suite type="TestFixture" name="Active Directory - DACL" executed="True" result="Success" success="True" time="0.2357" asserts="0" description="Active Directory - DACL">
            <results>
              <test-case description="AD-DACL-05: Deny ACE count should be retrievable" name="Active Directory - DACL.AD-DACL-05: Deny ACE count should be retrievable" time="0.2306" asserts="0" success="True" result="Success" executed="True" />
            </results>
          </test-suite>
        </results>
      </test-suite>
      <test-suite type="TestFixture" name="C:\Program Files\PowerShell\7\Modules\Maester\maester-tests\ad\dacl\Test-MtAdDaclDenyAceDetails.Tests.ps1" executed="True" result="Success" success="True" time="0.2364" asserts="0" description="C:\Program Files\PowerShell\7\Modules\Maester\maester-tests\ad\dacl\Test-MtAdDaclDenyAceDetails.Tests.ps1">
        <results>
          <test-suite type="TestFixture" name="Active Directory - DACL" executed="True" result="Success" success="True" time="0.1554" asserts="0" description="Active Directory - DACL">
            <results>
              <test-case description="AD-DACL-06: Deny ACE details should be retrievable" name="Active Directory - DACL.AD-DACL-06: Deny ACE details should be retrievable" time="0.1498" asserts="0" success="True" result="Success" executed="True" />
            </results>
          </test-suite>
        </results>
      </test-suite>
      <test-suite type="TestFixture" name="C:\Program Files\PowerShell\7\Modules\Maester\maester-tests\ad\dacl\Test-MtAdDaclDistinctIdentityCount.Tests.ps1" executed="True" result="Success" success="True" time="1.5939" asserts="0" description="C:\Program Files\PowerShell\7\Modules\Maester\maester-tests\ad\dacl\Test-MtAdDaclDistinctIdentityCount.Tests.ps1">
        <results>
          <test-suite type="TestFixture" name="Active Directory - DACL" executed="True" result="Success" success="True" time="1.1564" asserts="0" description="Active Directory - DACL">
            <results>
              <test-case description="AD-DACL-07: Distinct DACL identity count should be retrievable" name="Active Directory - DACL.AD-DACL-07: Distinct DACL identity count should be retrievable" time="1.1514" asserts="0" success="True" result="Success" executed="True" />
            </results>
          </test-suite>
        </results>
      </test-suite>
      <test-suite type="TestFixture" name="C:\Program Files\PowerShell\7\Modules\Maester\maester-tests\ad\dacl\Test-MtAdDaclDistinctObjectCount.Tests.ps1" executed="True" result="Success" success="True" time="0.6882" asserts="0" description="C:\Program Files\PowerShell\7\Modules\Maester\maester-tests\ad\dacl\Test-MtAdDaclDistinctObjectCount.Tests.ps1">
        <results>
          <test-suite type="TestFixture" name="Active Directory - DACL" executed="True" result="Success" success="True" time="0.3874" asserts="0" description="Active Directory - DACL">
            <results>
              <test-case description="AD-DACL-01: Distinct DACL object count should be retrievable" name="Active Directory - DACL.AD-DACL-01: Distinct DACL object count should be retrievable" time="0.3831" asserts="0" success="True" result="Success" executed="True" />
            </results>
          </test-suite>
        </results>
      </test-suite>
      <test-suite type="TestFixture" name="C:\Program Files\PowerShell\7\Modules\Maester\maester-tests\ad\dacl\Test-MtAdDaclIdentityAceDistribution.Tests.ps1" executed="True" result="Success" success="True" time="0.9975" asserts="0" description="C:\Program Files\PowerShell\7\Modules\Maester\maester-tests\ad\dacl\Test-MtAdDaclIdentityAceDistribution.Tests.ps1">
        <results>
          <test-suite type="TestFixture" name="Active Directory - DACL" executed="True" result="Success" success="True" time="0.9124" asserts="0" description="Active Directory - DACL">
            <results>
              <test-case description="AD-DACL-08: DACL ACE distribution per identity should be retrievable" name="Active Directory - DACL.AD-DACL-08: DACL ACE distribution per identity should be retrievable" time="0.9051" asserts="0" success="True" result="Success" executed="True" />
            </results>
          </test-suite>
        </results>
      </test-suite>
      <test-suite type="TestFixture" name="C:\Program Files\PowerShell\7\Modules\Maester\maester-tests\ad\dacl\Test-MtAdDaclInheritedObjectTypeCount.Tests.ps1" executed="True" result="Success" success="True" time="0.415" asserts="0" description="C:\Program Files\PowerShell\7\Modules\Maester\maester-tests\ad\dacl\Test-MtAdDaclInheritedObjectTypeCount.Tests.ps1">
        <results>
          <test-suite type="TestFixture" name="Active Directory - DACL" executed="True" result="Success" success="True" time="0.3327" asserts="0" description="Active Directory - DACL">
            <results>
              <test-case description="AD-DACL-17: Inherited object type count should be retrievable" name="Active Directory - DACL.AD-DACL-17: Inherited object type count should be retrievable" time="0.3275" asserts="0" success="True" result="Success" executed="True" />
            </results>
          </test-suite>
        </results>
      </test-suite>
      <test-suite type="TestFixture" name="C:\Program Files\PowerShell\7\Modules\Maester\maester-tests\ad\dacl\Test-MtAdDaclInheritedObjectTypeDetails.Tests.ps1" executed="True" result="Success" success="True" time="0.4855" asserts="0" description="C:\Program Files\PowerShell\7\Modules\Maester\maester-tests\ad\dacl\Test-MtAdDaclInheritedObjectTypeDetails.Tests.ps1">
        <results>
          <test-suite type="TestFixture" name="Active Directory - DACL" executed="True" result="Success" success="True" time="0.3976" asserts="0" description="Active Directory - DACL">
            <results>
              <test-case description="AD-DACL-18: Inherited object type details should be retrievable" name="Active Directory - DACL.AD-DACL-18: Inherited object type details should be retrievable" time="0.3931" asserts="0" success="True" result="Success" executed="True" />
            </results>
          </test-suite>
        </results>
      </test-suite>
      <test-suite type="TestFixture" name="C:\Program Files\PowerShell\7\Modules\Maester\maester-tests\ad\dacl\Test-MtAdDaclNonInheritedAceCount.Tests.ps1" executed="True" result="Success" success="True" time="0.3904" asserts="0" description="C:\Program Files\PowerShell\7\Modules\Maester\maester-tests\ad\dacl\Test-MtAdDaclNonInheritedAceCount.Tests.ps1">
        <results>
          <test-suite type="TestFixture" name="Active Directory - DACL" executed="True" result="Success" success="True" time="0.3058" asserts="0" description="Active Directory - DACL">
            <results>
              <test-case description="AD-DACL-14: Non-inherited ACE count should be retrievable" name="Active Directory - DACL.AD-DACL-14: Non-inherited ACE count should be retrievable" time="0.3008" asserts="0" success="True" result="Success" executed="True" />
            </results>
          </test-suite>
        </results>
      </test-suite>
      <test-suite type="TestFixture" name="C:\Program Files\PowerShell\7\Modules\Maester\maester-tests\ad\dacl\Test-MtAdDaclOuObjectCount.Tests.ps1" executed="True" result="Success" success="True" time="0.5013" asserts="0" description="C:\Program Files\PowerShell\7\Modules\Maester\maester-tests\ad\dacl\Test-MtAdDaclOuObjectCount.Tests.ps1">
        <results>
          <test-suite type="TestFixture" name="Active Directory - DACL" executed="True" result="Success" success="True" time="0.3917" asserts="0" description="Active Directory - DACL">
            <results>
              <test-case description="AD-DACL-02: OU DACL entry count should be retrievable" name="Active Directory - DACL.AD-DACL-02: OU DACL entry count should be retrievable" time="0.3873" asserts="0" success="True" result="Success" executed="True" />
            </results>
          </test-suite>
        </results>
      </test-suite>
      <test-suite type="TestFixture" name="C:\Program Files\PowerShell\7\Modules\Maester\maester-tests\ad\dacl\Test-MtAdDaclPrivilegedAllowAceCount.Tests.ps1" executed="True" result="Success" success="True" time="0.1955" asserts="0" description="C:\Program Files\PowerShell\7\Modules\Maester\maester-tests\ad\dacl\Test-MtAdDaclPrivilegedAllowAceCount.Tests.ps1">
        <results>
          <test-suite type="TestFixture" name="Active Directory - DACL" executed="True" result="Success" success="True" time="0.1131" asserts="0" description="Active Directory - DACL">
            <results>
              <test-case description="AD-DACL-09: Privileged allow ACE count should be retrievable" name="Active Directory - DACL.AD-DACL-09: Privileged allow ACE count should be retrievable" time="0.1079" asserts="0" success="True" result="Success" executed="True" />
            </results>
          </test-suite>
        </results>
      </test-suite>
      <test-suite type="TestFixture" name="C:\Program Files\PowerShell\7\Modules\Maester\maester-tests\ad\dacl\Test-MtAdDaclPrivilegedAllowAceDetails.Tests.ps1" executed="True" result="Success" success="True" time="0.131" asserts="0" description="C:\Program Files\PowerShell\7\Modules\Maester\maester-tests\ad\dacl\Test-MtAdDaclPrivilegedAllowAceDetails.Tests.ps1">
        <results>
          <test-suite type="TestFixture" name="Active Directory - DACL" executed="True" result="Success" success="True" time="0.0387" asserts="0" description="Active Directory - DACL">
            <results>
              <test-case description="AD-DACL-10: Privileged allow ACE details should be retrievable" name="Active Directory - DACL.AD-DACL-10: Privileged allow ACE details should be retrievable" time="0.034" asserts="0" success="True" result="Success" executed="True" />
            </results>
          </test-suite>
        </results>
      </test-suite>
      <test-suite type="TestFixture" name="C:\Program Files\PowerShell\7\Modules\Maester\maester-tests\ad\dacl\Test-MtAdDaclPrivilegedExtendedRightCount.Tests.ps1" executed="True" result="Success" success="True" time="0.3199" asserts="0" description="C:\Program Files\PowerShell\7\Modules\Maester\maester-tests\ad\dacl\Test-MtAdDaclPrivilegedExtendedRightCount.Tests.ps1">
        <results>
          <test-suite type="TestFixture" name="Active Directory - DACL" executed="True" result="Success" success="True" time="0.2218" asserts="0" description="Active Directory - DACL">
            <results>
              <test-case description="AD-DACL-11: Privileged extended right count should be retrievable" name="Active Directory - DACL.AD-DACL-11: Privileged extended right count should be retrievable" time="0.2172" asserts="0" success="True" result="Success" executed="True" />
            </results>
          </test-suite>
        </results>
      </test-suite>
      <test-suite type="TestFixture" name="C:\Program Files\PowerShell\7\Modules\Maester\maester-tests\ad\dacl\Test-MtAdDaclPrivilegedExtendedRightDetails.Tests.ps1" executed="True" result="Success" success="True" time="0.1219" asserts="0" description="C:\Program Files\PowerShell\7\Modules\Maester\maester-tests\ad\dacl\Test-MtAdDaclPrivilegedExtendedRightDetails.Tests.ps1">
        <results>
          <test-suite type="TestFixture" name="Active Directory - DACL" executed="True" result="Success" success="True" time="0.0406" asserts="0" description="Active Directory - DACL">
            <results>
              <test-case description="AD-DACL-12: Privileged extended right details should be retrievable" name="Active Directory - DACL.AD-DACL-12: Privileged extended right details should be retrievable" time="0.0346" asserts="0" success="True" result="Success" executed="True" />
            </results>
          </test-suite>
        </results>
      </test-suite>
      <test-suite type="TestFixture" name="C:\Program Files\PowerShell\7\Modules\Maester\maester-tests\ad\dacl\Test-MtAdDaclPrivilegedExtendedRightIdentity.Tests.ps1" executed="True" result="Success" success="True" time="0.408" asserts="0" description="C:\Program Files\PowerShell\7\Modules\Maester\maester-tests\ad\dacl\Test-MtAdDaclPrivilegedExtendedRightIdentity.Tests.ps1">
        <results>
          <test-suite type="TestFixture" name="Active Directory - DACL" executed="True" result="Success" success="True" time="0.3199" asserts="0" description="Active Directory - DACL">
            <results>
              <test-case description="AD-DACL-13: Privileged extended right identities should be retrievable" name="Active Directory - DACL.AD-DACL-13: Privileged extended right identities should be retrievable" time="0.3148" asserts="0" success="True" result="Success" executed="True" />
            </results>
          </test-suite>
        </results>
      </test-suite>
      <test-suite type="TestFixture" name="C:\Program Files\PowerShell\7\Modules\Maester\maester-tests\ad\dacl\Test-MtAdDaclUnresolvedSidCount.Tests.ps1" executed="True" result="Success" success="True" time="0.3795" asserts="0" description="C:\Program Files\PowerShell\7\Modules\Maester\maester-tests\ad\dacl\Test-MtAdDaclUnresolvedSidCount.Tests.ps1">
        <results>
          <test-suite type="TestFixture" name="Active Directory - DACL" executed="True" result="Success" success="True" time="0.2925" asserts="0" description="Active Directory - DACL">
            <results>
              <test-case description="AD-DACL-15: Unresolved SID count should be retrievable" name="Active Directory - DACL.AD-DACL-15: Unresolved SID count should be retrievable" time="0.2872" asserts="0" success="True" result="Success" executed="True" />
            </results>
          </test-suite>
        </results>
      </test-suite>
      <test-suite type="TestFixture" name="C:\Program Files\PowerShell\7\Modules\Maester\maester-tests\ad\dacl\Test-MtAdDaclUnresolvedSidDetails.Tests.ps1" executed="True" result="Success" success="True" time="0.6144" asserts="0" description="C:\Program Files\PowerShell\7\Modules\Maester\maester-tests\ad\dacl\Test-MtAdDaclUnresolvedSidDetails.Tests.ps1">
        <results>
          <test-suite type="TestFixture" name="Active Directory - DACL" executed="True" result="Success" success="True" time="0.375" asserts="0" description="Active Directory - DACL">
            <results>
              <test-case description="AD-DACL-16: Unresolved SID details should be retrievable" name="Active Directory - DACL.AD-DACL-16: Unresolved SID details should be retrievable" time="0.3704" asserts="0" success="True" result="Success" executed="True" />
            </results>
          </test-suite>
        </results>
      </test-suite>
      <test-suite type="TestFixture" name="C:\Program Files\PowerShell\7\Modules\Maester\maester-tests\ad\dns\Test-MtAdDnsAdSrvRecordCount.Tests.ps1" executed="True" result="Failure" success="False" time="0.1281" asserts="0" description="C:\Program Files\PowerShell\7\Modules\Maester\maester-tests\ad\dns\Test-MtAdDnsAdSrvRecordCount.Tests.ps1">
        <results>
          <test-suite type="TestFixture" name="Active Directory - DNS Infrastructure" executed="True" result="Failure" success="False" time="0.0343" asserts="0" description="Active Directory - DNS Infrastructure">
            <results>
              <test-case description="AD-DNS-11: AD DS SRV record count should be retrievable" name="Active Directory - DNS Infrastructure.AD-DNS-11: AD DS SRV record count should be retrievable" time="0.0301" asserts="0" success="False" result="Failure" executed="True">
                <failure>
                  <message>ParameterBindingException: A parameter cannot be found that matches parameter name 'SkippedBecauseReason'.</message>
                  <stack-trace>at Test-MtAdDnsAdSrvRecordCount, C:\Program Files\PowerShell\7\Modules\Maester\Maester.psm1:11769
at &lt;ScriptBlock&gt;, C:\Program Files\PowerShell\7\Modules\Maester\maester-tests\ad\dns\Test-MtAdDnsAdSrvRecordCount.Tests.ps1:4</stack-trace>
                </failure>
              </test-case>
            </results>
          </test-suite>
        </results>
      </test-suite>
      <test-suite type="TestFixture" name="C:\Program Files\PowerShell\7\Modules\Maester\maester-tests\ad\dns\Test-MtAdDnsAdSrvRecordDetails.Tests.ps1" executed="True" result="Failure" success="False" time="0.1111" asserts="0" description="C:\Program Files\PowerShell\7\Modules\Maester\maester-tests\ad\dns\Test-MtAdDnsAdSrvRecordDetails.Tests.ps1">
        <results>
          <test-suite type="TestFixture" name="Active Directory - DNS Infrastructure" executed="True" result="Failure" success="False" time="0.031" asserts="0" description="Active Directory - DNS Infrastructure">
            <results>
              <test-case description="AD-DNS-12: AD DS SRV record details should be retrievable" name="Active Directory - DNS Infrastructure.AD-DNS-12: AD DS SRV record details should be retrievable" time="0.0254" asserts="0" success="False" result="Failure" executed="True">
                <failure>
                  <message>ParameterBindingException: A parameter cannot be found that matches parameter name 'SkippedBecauseReason'.</message>
                  <stack-trace>at Test-MtAdDnsAdSrvRecordDetails, C:\Program Files\PowerShell\7\Modules\Maester\Maester.psm1:11865
at &lt;ScriptBlock&gt;, C:\Program Files\PowerShell\7\Modules\Maester\maester-tests\ad\dns\Test-MtAdDnsAdSrvRecordDetails.Tests.ps1:4</stack-trace>
                </failure>
              </test-case>
            </results>
          </test-suite>
        </results>
      </test-suite>
      <test-suite type="TestFixture" name="C:\Program Files\PowerShell\7\Modules\Maester\maester-tests\ad\dns\Test-MtAdDnsDnssecRecordCount.Tests.ps1" executed="True" result="Failure" success="False" time="0.1032" asserts="0" description="C:\Program Files\PowerShell\7\Modules\Maester\maester-tests\ad\dns\Test-MtAdDnsDnssecRecordCount.Tests.ps1">
        <results>
          <test-suite type="TestFixture" name="Active Directory - DNS Infrastructure" executed="True" result="Failure" success="False" time="0.0251" asserts="0" description="Active Directory - DNS Infrastructure">
            <results>
              <test-case description="AD-DNS-13: DNSSEC record count should be retrievable" name="Active Directory - DNS Infrastructure.AD-DNS-13: DNSSEC record count should be retrievable" time="0.0206" asserts="0" success="False" result="Failure" executed="True">
                <failure>
                  <message>ParameterBindingException: A parameter cannot be found that matches parameter name 'SkippedBecauseReason'.</message>
                  <stack-trace>at Test-MtAdDnsDnssecRecordCount, C:\Program Files\PowerShell\7\Modules\Maester\Maester.psm1:11960
at &lt;ScriptBlock&gt;, C:\Program Files\PowerShell\7\Modules\Maester\maester-tests\ad\dns\Test-MtAdDnsDnssecRecordCount.Tests.ps1:4</stack-trace>
                </failure>
              </test-case>
            </results>
          </test-suite>
        </results>
      </test-suite>
      <test-suite type="TestFixture" name="C:\Program Files\PowerShell\7\Modules\Maester\maester-tests\ad\dns\Test-MtAdDnsDuplicateZoneCount.Tests.ps1" executed="True" result="Failure" success="False" time="0.1143" asserts="0" description="C:\Program Files\PowerShell\7\Modules\Maester\maester-tests\ad\dns\Test-MtAdDnsDuplicateZoneCount.Tests.ps1">
        <results>
          <test-suite type="TestFixture" name="Active Directory - DNS Infrastructure" executed="True" result="Failure" success="False" time="0.0294" asserts="0" description="Active Directory - DNS Infrastructure">
            <results>
              <test-case description="AD-DNS-15: Duplicate zone count should be retrievable" name="Active Directory - DNS Infrastructure.AD-DNS-15: Duplicate zone count should be retrievable" time="0.025" asserts="0" success="False" result="Failure" executed="True">
                <failure>
                  <message>ParameterBindingException: A parameter cannot be found that matches parameter name 'SkippedBecauseReason'.</message>
                  <stack-trace>at Test-MtAdDnsDuplicateZoneCount, C:\Program Files\PowerShell\7\Modules\Maester\Maester.psm1:12042
at &lt;ScriptBlock&gt;, C:\Program Files\PowerShell\7\Modules\Maester\maester-tests\ad\dns\Test-MtAdDnsDuplicateZoneCount.Tests.ps1:4</stack-trace>
                </failure>
              </test-case>
            </results>
          </test-suite>
        </results>
      </test-suite>
      <test-suite type="TestFixture" name="C:\Program Files\PowerShell\7\Modules\Maester\maester-tests\ad\dns\Test-MtAdDnsDynamicRecordCount.Tests.ps1" executed="True" result="Failure" success="False" time="0.0977" asserts="0" description="C:\Program Files\PowerShell\7\Modules\Maester\maester-tests\ad\dns\Test-MtAdDnsDynamicRecordCount.Tests.ps1">
        <results>
          <test-suite type="TestFixture" name="Active Directory - DNS Infrastructure" executed="True" result="Failure" success="False" time="0.0233" asserts="0" description="Active Directory - DNS Infrastructure">
            <results>
              <test-case description="AD-DNS-05: Dynamic DNS record count should be retrievable" name="Active Directory - DNS Infrastructure.AD-DNS-05: Dynamic DNS record count should be retrievable" time="0.0189" asserts="0" success="False" result="Failure" executed="True">
                <failure>
                  <message>ParameterBindingException: A parameter cannot be found that matches parameter name 'SkippedBecauseReason'.</message>
                  <stack-trace>at Test-MtAdDnsDynamicRecordCount, C:\Program Files\PowerShell\7\Modules\Maester\Maester.psm1:12126
at &lt;ScriptBlock&gt;, C:\Program Files\PowerShell\7\Modules\Maester\maester-tests\ad\dns\Test-MtAdDnsDynamicRecordCount.Tests.ps1:4</stack-trace>
                </failure>
              </test-case>
            </results>
          </test-suite>
        </results>
      </test-suite>
      <test-suite type="TestFixture" name="C:\Program Files\PowerShell\7\Modules\Maester\maester-tests\ad\dns\Test-MtAdDnsEmptyZoneCount.Tests.ps1" executed="True" result="Failure" success="False" time="0.1227" asserts="0" description="C:\Program Files\PowerShell\7\Modules\Maester\maester-tests\ad\dns\Test-MtAdDnsEmptyZoneCount.Tests.ps1">
        <results>
          <test-suite type="TestFixture" name="Active Directory - DNS Infrastructure" executed="True" result="Failure" success="False" time="0.025" asserts="0" description="Active Directory - DNS Infrastructure">
            <results>
              <test-case description="AD-DNS-14: Empty zone count should be retrievable" name="Active Directory - DNS Infrastructure.AD-DNS-14: Empty zone count should be retrievable" time="0.0207" asserts="0" success="False" result="Failure" executed="True">
                <failure>
                  <message>ParameterBindingException: A parameter cannot be found that matches parameter name 'SkippedBecauseReason'.</message>
                  <stack-trace>at Test-MtAdDnsEmptyZoneCount, C:\Program Files\PowerShell\7\Modules\Maester\Maester.psm1:12209
at &lt;ScriptBlock&gt;, C:\Program Files\PowerShell\7\Modules\Maester\maester-tests\ad\dns\Test-MtAdDnsEmptyZoneCount.Tests.ps1:4</stack-trace>
                </failure>
              </test-case>
            </results>
          </test-suite>
        </results>
      </test-suite>
      <test-suite type="TestFixture" name="C:\Program Files\PowerShell\7\Modules\Maester\maester-tests\ad\dns\Test-MtAdDnsNonStandardZoneCount.Tests.ps1" executed="True" result="Failure" success="False" time="0.1095" asserts="0" description="C:\Program Files\PowerShell\7\Modules\Maester\maester-tests\ad\dns\Test-MtAdDnsNonStandardZoneCount.Tests.ps1">
        <results>
          <test-suite type="TestFixture" name="Active Directory - DNS Infrastructure" executed="True" result="Failure" success="False" time="0.0253" asserts="0" description="Active Directory - DNS Infrastructure">
            <results>
              <test-case description="AD-DNS-17: Non-standard zone count should be retrievable" name="Active Directory - DNS Infrastructure.AD-DNS-17: Non-standard zone count should be retrievable" time="0.0199" asserts="0" success="False" result="Failure" executed="True">
                <failure>
                  <message>ParameterBindingException: A parameter cannot be found that matches parameter name 'SkippedBecauseReason'.</message>
                  <stack-trace>at Test-MtAdDnsNonStandardZoneCount, C:\Program Files\PowerShell\7\Modules\Maester\Maester.psm1:12297
at &lt;ScriptBlock&gt;, C:\Program Files\PowerShell\7\Modules\Maester\maester-tests\ad\dns\Test-MtAdDnsNonStandardZoneCount.Tests.ps1:4</stack-trace>
                </failure>
              </test-case>
            </results>
          </test-suite>
        </results>
      </test-suite>
      <test-suite type="TestFixture" name="C:\Program Files\PowerShell\7\Modules\Maester\maester-tests\ad\dns\Test-MtAdDnsReverseZoneCount.Tests.ps1" executed="True" result="Failure" success="False" time="0.1024" asserts="0" description="C:\Program Files\PowerShell\7\Modules\Maester\maester-tests\ad\dns\Test-MtAdDnsReverseZoneCount.Tests.ps1">
        <results>
          <test-suite type="TestFixture" name="Active Directory - DNS Infrastructure" executed="True" result="Failure" success="False" time="0.0238" asserts="0" description="Active Directory - DNS Infrastructure">
            <results>
              <test-case description="AD-DNS-16: Reverse lookup zone count should be retrievable" name="Active Directory - DNS Infrastructure.AD-DNS-16: Reverse lookup zone count should be retrievable" time="0.0193" asserts="0" success="False" result="Failure" executed="True">
                <failure>
                  <message>ParameterBindingException: A parameter cannot be found that matches parameter name 'SkippedBecauseReason'.</message>
                  <stack-trace>at Test-MtAdDnsReverseZoneCount, C:\Program Files\PowerShell\7\Modules\Maester\Maester.psm1:12389
at &lt;ScriptBlock&gt;, C:\Program Files\PowerShell\7\Modules\Maester\maester-tests\ad\dns\Test-MtAdDnsReverseZoneCount.Tests.ps1:4</stack-trace>
                </failure>
              </test-case>
            </results>
          </test-suite>
        </results>
      </test-suite>
      <test-suite type="TestFixture" name="C:\Program Files\PowerShell\7\Modules\Maester\maester-tests\ad\dns\Test-MtAdDnsReverseZoneNetworkCount.Tests.ps1" executed="True" result="Failure" success="False" time="0.1029" asserts="0" description="C:\Program Files\PowerShell\7\Modules\Maester\maester-tests\ad\dns\Test-MtAdDnsReverseZoneNetworkCount.Tests.ps1">
        <results>
          <test-suite type="TestFixture" name="Active Directory - DNS Infrastructure" executed="True" result="Failure" success="False" time="0.0268" asserts="0" description="Active Directory - DNS Infrastructure">
            <results>
              <test-case description="AD-DNS-18: Reverse zone network count should be retrievable" name="Active Directory - DNS Infrastructure.AD-DNS-18: Reverse zone network count should be retrievable" time="0.0208" asserts="0" success="False" result="Failure" executed="True">
                <failure>
                  <message>ParameterBindingException: A parameter cannot be found that matches parameter name 'SkippedBecauseReason'.</message>
                  <stack-trace>at Test-MtAdDnsReverseZoneNetworkCount, C:\Program Files\PowerShell\7\Modules\Maester\Maester.psm1:12468
at &lt;ScriptBlock&gt;, C:\Program Files\PowerShell\7\Modules\Maester\maester-tests\ad\dns\Test-MtAdDnsReverseZoneNetworkCount.Tests.ps1:4</stack-trace>
                </failure>
              </test-case>
            </results>
          </test-suite>
        </results>
      </test-suite>
      <test-suite type="TestFixture" name="C:\Program Files\PowerShell\7\Modules\Maester\maester-tests\ad\dns\Test-MtAdDnsReverseZoneNetworkDetails.Tests.ps1" executed="True" result="Failure" success="False" time="0.1074" asserts="0" description="C:\Program Files\PowerShell\7\Modules\Maester\maester-tests\ad\dns\Test-MtAdDnsReverseZoneNetworkDetails.Tests.ps1">
        <results>
          <test-suite type="TestFixture" name="Active Directory - DNS Infrastructure" executed="True" result="Failure" success="False" time="0.0272" asserts="0" description="Active Directory - DNS Infrastructure">
            <results>
              <test-case description="AD-DNS-19: Reverse zone network details should be retrievable" name="Active Directory - DNS Infrastructure.AD-DNS-19: Reverse zone network details should be retrievable" time="0.0211" asserts="0" success="False" result="Failure" executed="True">
                <failure>
                  <message>ParameterBindingException: A parameter cannot be found that matches parameter name 'SkippedBecauseReason'.</message>
                  <stack-trace>at Test-MtAdDnsReverseZoneNetworkDetails, C:\Program Files\PowerShell\7\Modules\Maester\Maester.psm1:12553
at &lt;ScriptBlock&gt;, C:\Program Files\PowerShell\7\Modules\Maester\maester-tests\ad\dns\Test-MtAdDnsReverseZoneNetworkDetails.Tests.ps1:4</stack-trace>
                </failure>
              </test-case>
            </results>
          </test-suite>
        </results>
      </test-suite>
      <test-suite type="TestFixture" name="C:\Program Files\PowerShell\7\Modules\Maester\maester-tests\ad\dns\Test-MtAdDnsRootServerIncorrectCount.Tests.ps1" executed="True" result="Failure" success="False" time="0.1174" asserts="0" description="C:\Program Files\PowerShell\7\Modules\Maester\maester-tests\ad\dns\Test-MtAdDnsRootServerIncorrectCount.Tests.ps1">
        <results>
          <test-suite type="TestFixture" name="Active Directory - DNS Infrastructure" executed="True" result="Failure" success="False" time="0.037" asserts="0" description="Active Directory - DNS Infrastructure">
            <results>
              <test-case description="AD-DNS-03: Root servers with incorrect IPs should be retrievable" name="Active Directory - DNS Infrastructure.AD-DNS-03: Root servers with incorrect IPs should be retrievable" time="0.0327" asserts="0" success="False" result="Failure" executed="True">
                <failure>
                  <message>ParameterBindingException: A parameter cannot be found that matches parameter name 'SkippedBecauseReason'.</message>
                  <stack-trace>at Test-MtAdDnsRootServerIncorrectCount, C:\Program Files\PowerShell\7\Modules\Maester\Maester.psm1:12670
at &lt;ScriptBlock&gt;, C:\Program Files\PowerShell\7\Modules\Maester\maester-tests\ad\dns\Test-MtAdDnsRootServerIncorrectCount.Tests.ps1:4</stack-trace>
                </failure>
              </test-case>
            </results>
          </test-suite>
        </results>
      </test-suite>
      <test-suite type="TestFixture" name="C:\Program Files\PowerShell\7\Modules\Maester\maester-tests\ad\dns\Test-MtAdDnsRootServerIncorrectDetails.Tests.ps1" executed="True" result="Failure" success="False" time="0.113" asserts="0" description="C:\Program Files\PowerShell\7\Modules\Maester\maester-tests\ad\dns\Test-MtAdDnsRootServerIncorrectDetails.Tests.ps1">
        <results>
          <test-suite type="TestFixture" name="Active Directory - DNS Infrastructure" executed="True" result="Failure" success="False" time="0.0298" asserts="0" description="Active Directory - DNS Infrastructure">
            <results>
              <test-case description="AD-DNS-04: Root server incorrect IP details should be retrievable" name="Active Directory - DNS Infrastructure.AD-DNS-04: Root server incorrect IP details should be retrievable" time="0.0254" asserts="0" success="False" result="Failure" executed="True">
                <failure>
                  <message>ParameterBindingException: A parameter cannot be found that matches parameter name 'SkippedBecauseReason'.</message>
                  <stack-trace>at Test-MtAdDnsRootServerIncorrectDetails, C:\Program Files\PowerShell\7\Modules\Maester\Maester.psm1:12788
at &lt;ScriptBlock&gt;, C:\Program Files\PowerShell\7\Modules\Maester\maester-tests\ad\dns\Test-MtAdDnsRootServerIncorrectDetails.Tests.ps1:4</stack-trace>
                </failure>
              </test-case>
            </results>
          </test-suite>
        </results>
      </test-suite>
      <test-suite type="TestFixture" name="C:\Program Files\PowerShell\7\Modules\Maester\maester-tests\ad\dns\Test-MtAdDnsSoaDetails.Tests.ps1" executed="True" result="Failure" success="False" time="0.1079" asserts="0" description="C:\Program Files\PowerShell\7\Modules\Maester\maester-tests\ad\dns\Test-MtAdDnsSoaDetails.Tests.ps1">
        <results>
          <test-suite type="TestFixture" name="Active Directory - DNS Infrastructure" executed="True" result="Failure" success="False" time="0.0285" asserts="0" description="Active Directory - DNS Infrastructure">
            <results>
              <test-case description="AD-DNS-10: SOA record details should be retrievable" name="Active Directory - DNS Infrastructure.AD-DNS-10: SOA record details should be retrievable" time="0.0227" asserts="0" success="False" result="Failure" executed="True">
                <failure>
                  <message>ParameterBindingException: A parameter cannot be found that matches parameter name 'SkippedBecauseReason'.</message>
                  <stack-trace>at Test-MtAdDnsSoaDetails, C:\Program Files\PowerShell\7\Modules\Maester\Maester.psm1:12904
at &lt;ScriptBlock&gt;, C:\Program Files\PowerShell\7\Modules\Maester\maester-tests\ad\dns\Test-MtAdDnsSoaDetails.Tests.ps1:4</stack-trace>
                </failure>
              </test-case>
            </results>
          </test-suite>
        </results>
      </test-suite>
      <test-suite type="TestFixture" name="C:\Program Files\PowerShell\7\Modules\Maester\maester-tests\ad\dns\Test-MtAdDnsZoneCount.Tests.ps1" executed="True" result="Ignored" success="True" time="0.3106" asserts="0" description="C:\Program Files\PowerShell\7\Modules\Maester\maester-tests\ad\dns\Test-MtAdDnsZoneCount.Tests.ps1">
        <results>
          <test-suite type="TestFixture" name="Active Directory - DNS Infrastructure" executed="True" result="Ignored" success="True" time="0.1657" asserts="0" description="Active Directory - DNS Infrastructure">
            <results>
              <test-case description="AD-DNS-01: DNS zone count should be retrievable" name="Active Directory - DNS Infrastructure.AD-DNS-01: DNS zone count should be retrievable" time="0.1613" asserts="0" success="False" result="Ignored" executed="False" />
            </results>
          </test-suite>
        </results>
      </test-suite>
      <test-suite type="TestFixture" name="C:\Program Files\PowerShell\7\Modules\Maester\maester-tests\ad\dns\Test-MtAdDnsZoneDelegationCount.Tests.ps1" executed="True" result="Failure" success="False" time="0.3913" asserts="0" description="C:\Program Files\PowerShell\7\Modules\Maester\maester-tests\ad\dns\Test-MtAdDnsZoneDelegationCount.Tests.ps1">
        <results>
          <test-suite type="TestFixture" name="Active Directory - DNS Infrastructure" executed="True" result="Failure" success="False" time="0.0277" asserts="0" description="Active Directory - DNS Infrastructure">
            <results>
              <test-case description="AD-DNS-08: Zone delegation count should be retrievable" name="Active Directory - DNS Infrastructure.AD-DNS-08: Zone delegation count should be retrievable" time="0.0221" asserts="0" success="False" result="Failure" executed="True">
                <failure>
[...]
          </test-suite>
        </results>
      </test-suite>
      <test-suite type="TestFixture" name="C:\Program Files\PowerShell\7\Modules\Maester\maester-tests\ad\user\Test-MtAdUserDisabledCount.Tests.ps1" executed="True" result="Success" success="True" time="0.1214" asserts="0" description="C:\Program Files\PowerShell\7\Modules\Maester\maester-tests\ad\user\Test-MtAdUserDisabledCount.Tests.ps1">
        <results>
          <test-suite type="TestFixture" name="Active Directory - Users" executed="True" result="Success" success="True" time="0.0361" asserts="0" description="Active Directory - Users">
            <results>
              <test-case description="AD-USER-01: Disabled user count should be retrievable" name="Active Directory - Users.AD-USER-01: Disabled user count should be retrievable" time="0.0265" asserts="0" success="True" result="Success" executed="True" />
            </results>
          </test-suite>
        </results>
      </test-suite>
      <test-suite type="TestFixture" name="C:\Program Files\PowerShell\7\Modules\Maester\maester-tests\ad\user\Test-MtAdUserDormantEnabledCount.Tests.ps1" executed="True" result="Success" success="True" time="0.1252" asserts="0" description="C:\Program Files\PowerShell\7\Modules\Maester\maester-tests\ad\user\Test-MtAdUserDormantEnabledCount.Tests.ps1">
        <results>
          <test-suite type="TestFixture" name="Active Directory - Users" executed="True" result="Success" success="True" time="0.0386" asserts="0" description="Active Directory - Users">
            <results>
              <test-case description="AD-USER-02: Dormant enabled user count should be retrievable" name="Active Directory - Users.AD-USER-02: Dormant enabled user count should be retrievable" time="0.0338" asserts="0" success="True" result="Success" executed="True" />
            </results>
          </test-suite>
        </results>
      </test-suite>
      <test-suite type="TestFixture" name="C:\Program Files\PowerShell\7\Modules\Maester\maester-tests\ad\user\Test-MtAdUserHomeDirectoryCount.Tests.ps1" executed="True" result="Success" success="True" time="0.1242" asserts="0" description="C:\Program Files\PowerShell\7\Modules\Maester\maester-tests\ad\user\Test-MtAdUserHomeDirectoryCount.Tests.ps1">
        <results>
          <test-suite type="TestFixture" name="Active Directory - Users" executed="True" result="Success" success="True" time="0.0405" asserts="0" description="Active Directory - Users">
            <results>
              <test-case description="AD-USER-16: User home directory count should be retrievable" name="Active Directory - Users.AD-USER-16: User home directory count should be retrievable" time="0.0363" asserts="0" success="True" result="Success" executed="True" />
            </results>
          </test-suite>
        </results>
      </test-suite>
      <test-suite type="TestFixture" name="C:\Program Files\PowerShell\7\Modules\Maester\maester-tests\ad\user\Test-MtAdUserHoneyPotCount.Tests.ps1" executed="True" result="Success" success="True" time="0.1079" asserts="0" description="C:\Program Files\PowerShell\7\Modules\Maester\maester-tests\ad\user\Test-MtAdUserHoneyPotCount.Tests.ps1">
        <results>
          <test-suite type="TestFixture" name="Active Directory - Users" executed="True" result="Success" success="True" time="0.0354" asserts="0" description="Active Directory - Users">
            <results>
              <test-case description="AD-USER-26: Honey pot user count should be retrievable" name="Active Directory - Users.AD-USER-26: Honey pot user count should be retrievable" time="0.0266" asserts="0" success="True" result="Success" executed="True" />
            </results>
          </test-suite>
        </results>
      </test-suite>
      <test-suite type="TestFixture" name="C:\Program Files\PowerShell\7\Modules\Maester\maester-tests\ad\user\Test-MtAdUserHoneyPotDetails.Tests.ps1" executed="True" result="Success" success="True" time="0.1071" asserts="0" description="C:\Program Files\PowerShell\7\Modules\Maester\maester-tests\ad\user\Test-MtAdUserHoneyPotDetails.Tests.ps1">
        <results>
          <test-suite type="TestFixture" name="Active Directory - Users" executed="True" result="Success" success="True" time="0.0304" asserts="0" description="Active Directory - Users">
            <results>
              <test-case description="AD-USER-27: Honey pot user details should be retrievable" name="Active Directory - Users.AD-USER-27: Honey pot user details should be retrievable" time="0.0264" asserts="0" success="True" result="Success" executed="True" />
            </results>
          </test-suite>
        </results>
      </test-suite>
      <test-suite type="TestFixture" name="C:\Program Files\PowerShell\7\Modules\Maester\maester-tests\ad\user\Test-MtAdUserInContainerCount.Tests.ps1" executed="True" result="Success" success="True" time="0.1321" asserts="0" description="C:\Program Files\PowerShell\7\Modules\Maester\maester-tests\ad\user\Test-MtAdUserInContainerCount.Tests.ps1">
        <results>
          <test-suite type="TestFixture" name="Active Directory - Users" executed="True" result="Success" success="True" time="0.043" asserts="0" description="Active Directory - Users">
            <results>
              <test-case description="AD-USER-19: User in container count should be retrievable" name="Active Directory - Users.AD-USER-19: User in container count should be retrievable" time="0.0389" asserts="0" success="True" result="Success" executed="True" />
            </results>
          </test-suite>
        </results>
      </test-suite>
      <test-suite type="TestFixture" name="C:\Program Files\PowerShell\7\Modules\Maester\maester-tests\ad\user\Test-MtAdUserKerberosDesOnlyCount.Tests.ps1" executed="True" result="Success" success="True" time="0.1375" asserts="0" description="C:\Program Files\PowerShell\7\Modules\Maester\maester-tests\ad\user\Test-MtAdUserKerberosDesOnlyCount.Tests.ps1">
        <results>
          <test-suite type="TestFixture" name="Active Directory - Users" executed="True" result="Success" success="True" time="0.0532" asserts="0" description="Active Directory - Users">
            <results>
              <test-case description="AD-USER-06: DES-only Kerberos user count should be retrievable" name="Active Directory - Users.AD-USER-06: DES-only Kerberos user count should be retrievable" time="0.0482" asserts="0" success="True" result="Success" executed="True" />
            </results>
          </test-suite>
        </results>
      </test-suite>
      <test-suite type="TestFixture" name="C:\Program Files\PowerShell\7\Modules\Maester\maester-tests\ad\user\Test-MtAdUserKnownServiceAccountCount.Tests.ps1" executed="True" result="Success" success="True" time="0.1433" asserts="0" description="C:\Program Files\PowerShell\7\Modules\Maester\maester-tests\ad\user\Test-MtAdUserKnownServiceAccountCount.Tests.ps1">
        <results>
          <test-suite type="TestFixture" name="Active Directory - Users" executed="True" result="Success" success="True" time="0.058" asserts="0" description="Active Directory - Users">
            <results>
              <test-case description="AD-USER-20: Known service account count should be retrievable" name="Active Directory - Users.AD-USER-20: Known service account count should be retrievable" time="0.053" asserts="0" success="True" result="Success" executed="True" />
            </results>
          </test-suite>
        </results>
      </test-suite>
      <test-suite type="TestFixture" name="C:\Program Files\PowerShell\7\Modules\Maester\maester-tests\ad\user\Test-MtAdUserKnownServiceAccountDetails.Tests.ps1" executed="True" result="Success" success="True" time="0.1272" asserts="0" description="C:\Program Files\PowerShell\7\Modules\Maester\maester-tests\ad\user\Test-MtAdUserKnownServiceAccountDetails.Tests.ps1">
        <results>
          <test-suite type="TestFixture" name="Active Directory - Users" executed="True" result="Success" success="True" time="0.043" asserts="0" description="Active Directory - Users">
            <results>
              <test-case description="AD-USER-21: Known service account details should be retrievable" name="Active Directory - Users.AD-USER-21: Known service account details should be retrievable" time="0.0386" asserts="0" success="True" result="Success" executed="True" />
            </results>
          </test-suite>
        </results>
      </test-suite>
      <test-suite type="TestFixture" name="C:\Program Files\PowerShell\7\Modules\Maester\maester-tests\ad\user\Test-MtAdUserManagerSetCount.Tests.ps1" executed="True" result="Success" success="True" time="0.1139" asserts="0" description="C:\Program Files\PowerShell\7\Modules\Maester\maester-tests\ad\user\Test-MtAdUserManagerSetCount.Tests.ps1">
        <results>
          <test-suite type="TestFixture" name="Active Directory - Users" executed="True" result="Success" success="True" time="0.0358" asserts="0" description="Active Directory - Users">
            <results>
              <test-case description="AD-USER-15: User manager count should be retrievable" name="Active Directory - Users.AD-USER-15: User manager count should be retrievable" time="0.0317" asserts="0" success="True" result="Success" executed="True" />
            </results>
          </test-suite>
        </results>
      </test-suite>
      <test-suite type="TestFixture" name="C:\Program Files\PowerShell\7\Modules\Maester\maester-tests\ad\user\Test-MtAdUserNeverLoggedInCount.Tests.ps1" executed="True" result="Success" success="True" time="0.1133" asserts="0" description="C:\Program Files\PowerShell\7\Modules\Maester\maester-tests\ad\user\Test-MtAdUserNeverLoggedInCount.Tests.ps1">
        <results>
          <test-suite type="TestFixture" name="Active Directory - Users" executed="True" result="Success" success="True" time="0.0358" asserts="0" description="Active Directory - Users">
            <results>
              <test-case description="AD-USER-08: Never-logged-in enabled user count should be retrievable" name="Active Directory - Users.AD-USER-08: Never-logged-in enabled user count should be retrievable" time="0.031" asserts="0" success="True" result="Success" executed="True" />
            </results>
          </test-suite>
        </results>
      </test-suite>
      <test-suite type="TestFixture" name="C:\Program Files\PowerShell\7\Modules\Maester\maester-tests\ad\user\Test-MtAdUserNonStandardPrimaryGroupCount.Tests.ps1" executed="True" result="Success" success="True" time="0.1239" asserts="0" description="C:\Program Files\PowerShell\7\Modules\Maester\maester-tests\ad\user\Test-MtAdUserNonStandardPrimaryGroupCount.Tests.ps1">
        <results>
          <test-suite type="TestFixture" name="Active Directory - Users" executed="True" result="Success" success="True" time="0.0414" asserts="0" description="Active Directory - Users">
            <results>
              <test-case description="AD-USER-12: User non-standard primary group count should be retrievable" name="Active Directory - Users.AD-USER-12: User non-standard primary group count should be retrievable" time="0.0358" asserts="0" success="True" result="Success" executed="True" />
            </results>
          </test-suite>
        </results>
      </test-suite>
      <test-suite type="TestFixture" name="C:\Program Files\PowerShell\7\Modules\Maester\maester-tests\ad\user\Test-MtAdUserNoPreAuthCount.Tests.ps1" executed="True" result="Success" success="True" time="0.1331" asserts="0" description="C:\Program Files\PowerShell\7\Modules\Maester\maester-tests\ad\user\Test-MtAdUserNoPreAuthCount.Tests.ps1">
        <results>
          <test-suite type="TestFixture" name="Active Directory - Users" executed="True" result="Success" success="True" time="0.0435" asserts="0" description="Active Directory - Users">
            <results>
              <test-case description="AD-USER-07: No pre-authentication user count should be retrievable" name="Active Directory - Users.AD-USER-07: No pre-authentication user count should be retrievable" time="0.0387" asserts="0" success="True" result="Success" executed="True" />
            </results>
          </test-suite>
        </results>
      </test-suite>
      <test-suite type="TestFixture" name="C:\Program Files\PowerShell\7\Modules\Maester\maester-tests\ad\user\Test-MtAdUserPasswordNeverExpiresCount.Tests.ps1" executed="True" result="Success" success="True" time="0.1296" asserts="0" description="C:\Program Files\PowerShell\7\Modules\Maester\maester-tests\ad\user\Test-MtAdUserPasswordNeverExpiresCount.Tests.ps1">
        <results>
          <test-suite type="TestFixture" name="Active Directory - Users" executed="True" result="Success" success="True" time="0.0427" asserts="0" description="Active Directory - Users">
            <results>
              <test-case description="AD-USER-03: Non-expiring password user count should be retrievable" name="Active Directory - Users.AD-USER-03: Non-expiring password user count should be retrievable" time="0.037" asserts="0" success="True" result="Success" executed="True" />
            </results>
          </test-suite>
        </results>
      </test-suite>
      <test-suite type="TestFixture" name="C:\Program Files\PowerShell\7\Modules\Maester\maester-tests\ad\user\Test-MtAdUserPasswordNotRequiredCount.Tests.ps1" executed="True" result="Success" success="True" time="0.1262" asserts="0" description="C:\Program Files\PowerShell\7\Modules\Maester\maester-tests\ad\user\Test-MtAdUserPasswordNotRequiredCount.Tests.ps1">
        <results>
          <test-suite type="TestFixture" name="Active Directory - Users" executed="True" result="Success" success="True" time="0.0426" asserts="0" description="Active Directory - Users">
            <results>
              <test-case description="AD-USER-09: Password-not-required user count should be retrievable" name="Active Directory - Users.AD-USER-09: Password-not-required user count should be retrievable" time="0.0373" asserts="0" success="True" result="Success" executed="True" />
            </results>
          </test-suite>
        </results>
      </test-suite>
      <test-suite type="TestFixture" name="C:\Program Files\PowerShell\7\Modules\Maester\maester-tests\ad\user\Test-MtAdUserProfilePathCount.Tests.ps1" executed="True" result="Success" success="True" time="0.1273" asserts="0" description="C:\Program Files\PowerShell\7\Modules\Maester\maester-tests\ad\user\Test-MtAdUserProfilePathCount.Tests.ps1">
        <results>
          <test-suite type="TestFixture" name="Active Directory - Users" executed="True" result="Success" success="True" time="0.0395" asserts="0" description="Active Directory - Users">
            <results>
              <test-case description="AD-USER-17: User profile path count should be retrievable" name="Active Directory - Users.AD-USER-17: User profile path count should be retrievable" time="0.0349" asserts="0" success="True" result="Success" executed="True" />
            </results>
          </test-suite>
        </results>
      </test-suite>
      <test-suite type="TestFixture" name="C:\Program Files\PowerShell\7\Modules\Maester\maester-tests\ad\user\Test-MtAdUserReversibleEncryptionCount.Tests.ps1" executed="True" result="Success" success="True" time="0.1319" asserts="0" description="C:\Program Files\PowerShell\7\Modules\Maester\maester-tests\ad\user\Test-MtAdUserReversibleEncryptionCount.Tests.ps1">
        <results>
          <test-suite type="TestFixture" name="Active Directory - Users" executed="True" result="Success" success="True" time="0.0456" asserts="0" description="Active Directory - Users">
            <results>
              <test-case description="AD-USER-04: Reversible encryption user count should be retrievable" name="Active Directory - Users.AD-USER-04: Reversible encryption user count should be retrievable" time="0.0409" asserts="0" success="True" result="Success" executed="True" />
            </results>
          </test-suite>
        </results>
      </test-suite>
      <test-suite type="TestFixture" name="C:\Program Files\PowerShell\7\Modules\Maester\maester-tests\ad\user\Test-MtAdUserScriptPathCount.Tests.ps1" executed="True" result="Success" success="True" time="0.1159" asserts="0" description="C:\Program Files\PowerShell\7\Modules\Maester\maester-tests\ad\user\Test-MtAdUserScriptPathCount.Tests.ps1">
        <results>
          <test-suite type="TestFixture" name="Active Directory - Users" executed="True" result="Success" success="True" time="0.0378" asserts="0" description="Active Directory - Users">
            <results>
              <test-case description="AD-USER-18: User script path count should be retrievable" name="Active Directory - Users.AD-USER-18: User script path count should be retrievable" time="0.0334" asserts="0" success="True" result="Success" executed="True" />
            </results>
          </test-suite>
        </results>
      </test-suite>
      <test-suite type="TestFixture" name="C:\Program Files\PowerShell\7\Modules\Maester\maester-tests\ad\user\Test-MtAdUserSidHistoryCount.Tests.ps1" executed="True" result="Success" success="True" time="0.1063" asserts="0" description="C:\Program Files\PowerShell\7\Modules\Maester\maester-tests\ad\user\Test-MtAdUserSidHistoryCount.Tests.ps1">
        <results>
          <test-suite type="TestFixture" name="Active Directory - Users" executed="True" result="Success" success="True" time="0.0291" asserts="0" description="Active Directory - Users">
            <results>
              <test-case description="AD-USER-13: User SID History count should be retrievable" name="Active Directory - Users.AD-USER-13: User SID History count should be retrievable" time="0.0251" asserts="0" success="True" result="Success" executed="True" />
            </results>
          </test-suite>
        </results>
      </test-suite>
      <test-suite type="TestFixture" name="C:\Program Files\PowerShell\7\Modules\Maester\maester-tests\ad\user\Test-MtAdUserSpnSetCount.Tests.ps1" executed="True" result="Success" success="True" time="0.1218" asserts="0" description="C:\Program Files\PowerShell\7\Modules\Maester\maester-tests\ad\user\Test-MtAdUserSpnSetCount.Tests.ps1">
        <results>
          <test-suite type="TestFixture" name="Active Directory - Users" executed="True" result="Success" success="True" time="0.0411" asserts="0" description="Active Directory - Users">
            <results>
              <test-case description="AD-USER-14: User SPN count should be retrievable" name="Active Directory - Users.AD-USER-14: User SPN count should be retrievable" time="0.0352" asserts="0" success="True" result="Success" executed="True" />
            </results>
          </test-suite>
        </results>
      </test-suite>
      <test-suite type="TestFixture" name="C:\Program Files\PowerShell\7\Modules\Maester\maester-tests\ad\user\Test-MtAdUserWorkstationRestrictionCount.Tests.ps1" executed="True" result="Success" success="True" time="0.1235" asserts="0" description="C:\Program Files\PowerShell\7\Modules\Maester\maester-tests\ad\user\Test-MtAdUserWorkstationRestrictionCount.Tests.ps1">
        <results>
          <test-suite type="TestFixture" name="Active Directory - Users" executed="True" result="Success" success="True" time="0.0392" asserts="0" description="Active Directory - Users">
            <results>
              <test-case description="AD-USER-10: Workstation-restricted user count should be retrievable" name="Active Directory - Users.AD-USER-10: Workstation-restricted user count should be retrievable" time="0.0342" asserts="0" success="True" result="Success" executed="True" />
            </results>
          </test-suite>
        </results>
      </test-suite>
    </results>
  </test-suite>
</test-results>